<?xml version="1.0" encoding="UTF-8"?>
<testng-results skipped="0" failed="0" ignored="0" total="1" passed="1">
  <reporter-output>
  </reporter-output>
  <suite name="WebDriverTest" duration-ms="104509" started-at="2021-11-14T15:10:05 MSK" finished-at="2021-11-14T15:11:50 MSK">
    <groups>
    </groups>
    <test name="Command line test" duration-ms="104509" started-at="2021-11-14T15:10:05 MSK" finished-at="2021-11-14T15:11:50 MSK">
      <class name="WebDriverTest">
        <test-method status="PASS" signature="main()[pri:0, instance:WebDriverTest@3a5ed7a6]" name="main" duration-ms="104397" started-at="2021-11-14T15:10:05 MSK" finished-at="2021-11-14T15:11:50 MSK">
          <reporter-output>
          </reporter-output>
        </test-method> <!-- main -->
      </class> <!-- WebDriverTest -->
    </test> <!-- Command line test -->
  </suite> <!-- WebDriverTest -->
</testng-results>
