<?xml version="1.0" encoding="UTF-8"?>
<testng-results skipped="0" failed="0" ignored="0" total="0" passed="0">
  <reporter-output>
  </reporter-output>
  <suite name="WebDriverTest" duration-ms="54" started-at="2021-11-13T20:21:24 MSK" finished-at="2021-11-13T20:21:25 MSK">
    <groups>
    </groups>
    <test name="Command line test" duration-ms="54" started-at="2021-11-13T20:21:24 MSK" finished-at="2021-11-13T20:21:25 MSK">
    </test> <!-- Command line test -->
  </suite> <!-- WebDriverTest -->
</testng-results>
